2026-03-03 19:58:47,665 INFO 20260303_172938.jpg: ІлАЪАЛДњІЈЅ\
2026-03-03 19:58:51,596 ERROR 20260303_172938.jpg: The truth value of an array with more than one element is ambiguous. Use a.any() or a.all()
2026-03-03 20:51:45,129 INFO 20260303_172938.jpg: ІлАЪАЛДњІЈЅ\
2026-03-03 20:51:47,528 ERROR 20260303_172938.jpg: The truth value of an array with more than one element is ambiguous. Use a.any() or a.all()
2026-03-03 20:52:07,266 INFO 20260303_084707.jpg: ІлАЪАЛДњІЈЅ\
2026-03-03 20:52:14,986 ERROR 20260303_084707.jpg: The truth value of an array with more than one element is ambiguous. Use a.any() or a.all()
2026-03-03 20:52:15,073 INFO 20260303_084722.jpg: ІлАЪАЛДњІЈЅ\
2026-03-03 20:52:25,903 ERROR 20260303_084722.jpg: The truth value of an array with more than one element is ambiguous. Use a.any() or a.all()
2026-03-03 20:52:25,995 INFO 20260303_084921.jpg: ІлАЪАЛДњІЈЅ\
2026-03-03 20:52:27,806 ERROR 20260303_084921.jpg: The truth value of an array with more than one element is ambiguous. Use a.any() or a.all()
2026-03-03 20:52:27,899 INFO 20260303_091347.jpg: ІлАЪАЛДњІЈЅ\
2026-03-03 20:52:33,873 INFO 20260303_091347.jpg: skipped
2026-03-03 20:52:33,964 INFO 20260303_091358.jpg: АЛДњЅЂБбЁAЈЯЅЮЙwГ]Ўи
2026-03-03 20:54:39,223 INFO 20260303_084707.jpg: ІлАЪАЛДњІЈЅ\
2026-03-03 20:54:39,239 INFO 20260303_084707.jpg: saved output_slides\fixed_20260303_084707.jpg
2026-03-03 20:54:39,306 INFO 20260303_084722.jpg: ІлАЪАЛДњІЈЅ\
2026-03-03 20:54:39,321 INFO 20260303_084722.jpg: saved output_slides\fixed_20260303_084722.jpg
2026-03-03 20:54:39,396 INFO 20260303_084921.jpg: ІлАЪАЛДњІЈЅ\
2026-03-03 20:54:39,424 INFO 20260303_084921.jpg: saved output_slides\fixed_20260303_084921.jpg
2026-03-03 20:54:39,496 INFO 20260303_091347.jpg: ІлАЪАЛДњІЈЅ\
2026-03-03 20:54:39,527 INFO 20260303_091347.jpg: saved output_slides\fixed_20260303_091347.jpg
2026-03-03 20:54:39,608 INFO 20260303_091358.jpg: АЛДњЅЂБбЁAЖiЄJЄтАЪНеОу
2026-03-03 20:54:48,552 INFO 20260303_091358.jpg: saved output_slides\fixed_20260303_091358.jpg
2026-03-03 20:54:48,626 INFO 20260303_091435.jpg: ІлАЪАЛДњІЈЅ\
2026-03-03 20:54:48,651 INFO 20260303_091435.jpg: saved output_slides\fixed_20260303_091435.jpg
2026-03-03 20:54:48,760 INFO 20260303_093516.jpg: ІлАЪАЛДњІЈЅ\
2026-03-03 20:54:48,775 INFO 20260303_093516.jpg: saved output_slides\fixed_20260303_093516.jpg
2026-03-03 20:54:48,840 INFO 20260303_110053.jpg: ІлАЪАЛДњІЈЅ\
2026-03-03 20:54:48,892 INFO 20260303_110053.jpg: saved output_slides\fixed_20260303_110053.jpg
2026-03-03 20:54:48,960 INFO 20260303_114723.jpg: ІлАЪАЛДњІЈЅ\
2026-03-03 20:54:48,983 INFO 20260303_114723.jpg: saved output_slides\fixed_20260303_114723.jpg
2026-03-03 20:54:49,050 INFO 20260303_115129.jpg: АЛДњЅЂБбЁAЖiЄJЄтАЪНеОу
2026-03-03 20:54:58,197 INFO 20260303_115129.jpg: saved output_slides\fixed_20260303_115129.jpg
2026-03-03 20:54:58,263 INFO 20260303_115138.jpg: ІлАЪАЛДњІЈЅ\
2026-03-03 20:54:58,278 INFO 20260303_115138.jpg: saved output_slides\fixed_20260303_115138.jpg
2026-03-03 20:54:58,348 INFO 20260303_115708.jpg: ІлАЪАЛДњІЈЅ\
2026-03-03 20:54:58,371 INFO 20260303_115708.jpg: saved output_slides\fixed_20260303_115708.jpg
2026-03-03 20:54:58,438 INFO 20260303_121040.jpg: ІлАЪАЛДњІЈЅ\
2026-03-03 20:54:58,455 INFO 20260303_121040.jpg: saved output_slides\fixed_20260303_121040.jpg
2026-03-03 20:54:58,715 INFO 20260303_121459.jpg: ІлАЪАЛДњІЈЅ\
2026-03-03 20:54:58,776 INFO 20260303_121459.jpg: saved output_slides\fixed_20260303_121459.jpg
2026-03-03 20:54:59,035 INFO 20260303_122143.jpg: ІлАЪАЛДњІЈЅ\
2026-03-03 20:54:59,078 INFO 20260303_122143.jpg: saved output_slides\fixed_20260303_122143.jpg
2026-03-03 20:54:59,329 INFO 20260303_122541.jpg: ІлАЪАЛДњІЈЅ\
2026-03-03 20:54:59,369 INFO 20260303_122541.jpg: saved output_slides\fixed_20260303_122541.jpg
2026-03-03 20:54:59,624 INFO 20260303_122932.jpg: ІлАЪАЛДњІЈЅ\
2026-03-03 20:54:59,665 INFO 20260303_122932.jpg: saved output_slides\fixed_20260303_122932.jpg
2026-03-03 20:54:59,914 INFO 20260303_133316.jpg: ІлАЪАЛДњІЈЅ\
2026-03-03 20:55:00,062 INFO 20260303_133316.jpg: saved output_slides\fixed_20260303_133316.jpg
2026-03-03 20:55:00,315 INFO 20260303_133343.jpg: ІлАЪАЛДњІЈЅ\
2026-03-03 20:55:00,327 INFO 20260303_133343.jpg: saved output_slides\fixed_20260303_133343.jpg
2026-03-03 20:55:00,582 INFO 20260303_133452.jpg: ІлАЪАЛДњІЈЅ\
2026-03-03 20:55:00,605 INFO 20260303_133452.jpg: saved output_slides\fixed_20260303_133452.jpg
2026-03-03 20:55:00,883 INFO 20260303_133559.jpg: ІлАЪАЛДњІЈЅ\
2026-03-03 20:55:00,930 INFO 20260303_133559.jpg: saved output_slides\fixed_20260303_133559.jpg
2026-03-03 20:55:01,188 INFO 20260303_133720.jpg: ІлАЪАЛДњІЈЅ\
2026-03-03 20:55:01,231 INFO 20260303_133720.jpg: saved output_slides\fixed_20260303_133720.jpg
2026-03-03 20:55:01,483 INFO 20260303_133806.jpg: ІлАЪАЛДњІЈЅ\
2026-03-03 20:55:01,523 INFO 20260303_133806.jpg: saved output_slides\fixed_20260303_133806.jpg
2026-03-03 20:55:01,776 INFO 20260303_133849.jpg: ІлАЪАЛДњІЈЅ\
2026-03-03 20:55:01,796 INFO 20260303_133849.jpg: saved output_slides\fixed_20260303_133849.jpg
2026-03-03 20:55:02,046 INFO 20260303_133854.jpg: ІлАЪАЛДњІЈЅ\
2026-03-03 20:55:02,081 INFO 20260303_133854.jpg: saved output_slides\fixed_20260303_133854.jpg
2026-03-03 20:55:02,332 INFO 20260303_133918.jpg: ІлАЪАЛДњІЈЅ\
2026-03-03 20:55:02,368 INFO 20260303_133918.jpg: saved output_slides\fixed_20260303_133918.jpg
2026-03-03 20:55:02,617 INFO 20260303_134054.jpg: ІлАЪАЛДњІЈЅ\
2026-03-03 20:55:02,653 INFO 20260303_134054.jpg: saved output_slides\fixed_20260303_134054.jpg
2026-03-03 20:55:02,906 INFO 20260303_134143.jpg: АЛДњЅЂБбЁAЖiЄJЄтАЪНеОу
2026-03-03 20:55:04,445 INFO 20260303_134143.jpg: saved output_slides\fixed_20260303_134143.jpg
2026-03-03 20:55:04,701 INFO 20260303_134209.jpg: ІлАЪАЛДњІЈЅ\
2026-03-03 20:55:04,742 INFO 20260303_134209.jpg: saved output_slides\fixed_20260303_134209.jpg
2026-03-03 20:55:05,004 INFO 20260303_134243.jpg: ІлАЪАЛДњІЈЅ\
2026-03-03 20:55:05,026 INFO 20260303_134243.jpg: saved output_slides\fixed_20260303_134243.jpg
2026-03-03 20:55:05,102 INFO 20260303_134457.jpg: ІлАЪАЛДњІЈЅ\
2026-03-03 20:55:05,119 INFO 20260303_134457.jpg: saved output_slides\fixed_20260303_134457.jpg
2026-03-03 20:55:05,185 INFO 20260303_134504.jpg: ІлАЪАЛДњІЈЅ\
2026-03-03 20:55:05,217 INFO 20260303_134504.jpg: saved output_slides\fixed_20260303_134504.jpg
2026-03-03 20:55:05,283 INFO 20260303_134522.jpg: АЛДњЅЂБбЁAЖiЄJЄтАЪНеОу
2026-03-03 20:55:05,920 INFO 20260303_134522.jpg: saved output_slides\fixed_20260303_134522.jpg
2026-03-03 20:55:05,996 INFO 20260303_134540.jpg: АЛДњЅЂБбЁAЖiЄJЄтАЪНеОу
2026-03-03 20:55:08,522 INFO 20260303_134540.jpg: saved output_slides\fixed_20260303_134540.jpg
2026-03-03 20:55:08,599 INFO 20260303_134717.jpg: ІлАЪАЛДњІЈЅ\
2026-03-03 20:55:08,623 INFO 20260303_134717.jpg: saved output_slides\fixed_20260303_134717.jpg
2026-03-03 20:55:08,699 INFO 20260303_134904.jpg: ІлАЪАЛДњІЈЅ\
2026-03-03 20:55:08,722 INFO 20260303_134904.jpg: saved output_slides\fixed_20260303_134904.jpg
2026-03-03 20:55:08,801 INFO 20260303_135653.jpg: ІлАЪАЛДњІЈЅ\
2026-03-03 20:55:08,825 INFO 20260303_135653.jpg: saved output_slides\fixed_20260303_135653.jpg
2026-03-03 20:55:08,902 INFO 20260303_140805.jpg: ІлАЪАЛДњІЈЅ\
2026-03-03 20:55:08,918 INFO 20260303_140805.jpg: saved output_slides\fixed_20260303_140805.jpg
2026-03-03 20:55:08,997 INFO 20260303_141028.jpg: ІлАЪАЛДњІЈЅ\
2026-03-03 20:55:09,022 INFO 20260303_141028.jpg: saved output_slides\fixed_20260303_141028.jpg
2026-03-03 20:55:09,108 INFO 20260303_141304.jpg: ІлАЪАЛДњІЈЅ\
2026-03-03 20:55:09,132 INFO 20260303_141304.jpg: saved output_slides\fixed_20260303_141304.jpg
2026-03-03 20:55:09,319 INFO 20260303_141350.jpg: ІлАЪАЛДњІЈЅ\
2026-03-03 20:55:09,339 INFO 20260303_141350.jpg: saved output_slides\fixed_20260303_141350.jpg
2026-03-03 20:55:09,533 INFO 20260303_141930.jpg: ІлАЪАЛДњІЈЅ\
2026-03-03 20:55:09,582 INFO 20260303_141930.jpg: saved output_slides\fixed_20260303_141930.jpg
2026-03-03 20:55:09,777 INFO 20260303_142026.jpg: ІлАЪАЛДњІЈЅ\
2026-03-03 20:55:09,818 INFO 20260303_142026.jpg: saved output_slides\fixed_20260303_142026.jpg
2026-03-03 20:55:10,019 INFO 20260303_142116.jpg: ІлАЪАЛДњІЈЅ\
2026-03-03 20:55:10,034 INFO 20260303_142116.jpg: saved output_slides\fixed_20260303_142116.jpg
2026-03-03 20:55:10,235 INFO 20260303_142309.jpg: ІлАЪАЛДњІЈЅ\
2026-03-03 20:55:10,276 INFO 20260303_142309.jpg: saved output_slides\fixed_20260303_142309.jpg
2026-03-03 20:55:10,482 INFO 20260303_142525.jpg: ІлАЪАЛДњІЈЅ\
2026-03-03 20:55:10,524 INFO 20260303_142525.jpg: saved output_slides\fixed_20260303_142525.jpg
2026-03-03 20:55:10,723 INFO 20260303_142613.jpg: ІлАЪАЛДњІЈЅ\
2026-03-03 20:55:10,761 INFO 20260303_142613.jpg: saved output_slides\fixed_20260303_142613.jpg
2026-03-03 20:55:10,964 INFO 20260303_142629.jpg: ІлАЪАЛДњІЈЅ\
2026-03-03 20:55:11,008 INFO 20260303_142629.jpg: saved output_slides\fixed_20260303_142629.jpg
2026-03-03 20:55:11,136 INFO 20260303_142844.jpg: ІлАЪАЛДњІЈЅ\
2026-03-03 20:55:11,167 INFO 20260303_142844.jpg: saved output_slides\fixed_20260303_142844.jpg
2026-03-03 20:55:11,472 INFO 20260303_143055.jpg: ІлАЪАЛДњІЈЅ\
2026-03-03 20:55:11,487 INFO 20260303_143055.jpg: saved output_slides\fixed_20260303_143055.jpg
2026-03-03 20:55:11,787 INFO 20260303_143249.jpg: ІлАЪАЛДњІЈЅ\
2026-03-03 20:55:11,827 INFO 20260303_143249.jpg: saved output_slides\fixed_20260303_143249.jpg
2026-03-03 20:55:12,135 INFO 20260303_143315.jpg: ІлАЪАЛДњІЈЅ\
2026-03-03 20:55:12,177 INFO 20260303_143315.jpg: saved output_slides\fixed_20260303_143315.jpg
2026-03-03 20:55:12,482 INFO 20260303_143831.jpg: ІлАЪАЛДњІЈЅ\
2026-03-03 20:55:12,523 INFO 20260303_143831.jpg: saved output_slides\fixed_20260303_143831.jpg
2026-03-03 20:55:12,828 INFO 20260303_144036.jpg: ІлАЪАЛДњІЈЅ\
2026-03-03 20:55:12,885 INFO 20260303_144036.jpg: saved output_slides\fixed_20260303_144036.jpg
2026-03-03 20:55:13,191 INFO 20260303_144358.jpg: ІлАЪАЛДњІЈЅ\
2026-03-03 20:55:13,234 INFO 20260303_144358.jpg: saved output_slides\fixed_20260303_144358.jpg
2026-03-03 20:55:13,538 INFO 20260303_144618.jpg: ІлАЪАЛДњІЈЅ\
2026-03-03 20:55:13,578 INFO 20260303_144618.jpg: saved output_slides\fixed_20260303_144618.jpg
2026-03-03 20:55:13,879 INFO 20260303_145839.jpg: ІлАЪАЛДњІЈЅ\
2026-03-03 20:55:13,919 INFO 20260303_145839.jpg: saved output_slides\fixed_20260303_145839.jpg
2026-03-03 20:55:14,225 INFO 20260303_151238.jpg: ІлАЪАЛДњІЈЅ\
2026-03-03 20:55:14,264 INFO 20260303_151238.jpg: saved output_slides\fixed_20260303_151238.jpg
2026-03-03 20:55:14,574 INFO 20260303_151403.jpg: ІлАЪАЛДњІЈЅ\
2026-03-03 20:55:14,589 INFO 20260303_151403.jpg: saved output_slides\fixed_20260303_151403.jpg
2026-03-03 20:55:14,764 INFO 20260303_151511.jpg: ІлАЪАЛДњІЈЅ\
2026-03-03 20:55:14,777 INFO 20260303_151511.jpg: saved output_slides\fixed_20260303_151511.jpg
2026-03-03 20:55:14,951 INFO 20260303_151607.jpg: ІлАЪАЛДњІЈЅ\
2026-03-03 20:55:14,983 INFO 20260303_151607.jpg: saved output_slides\fixed_20260303_151607.jpg
2026-03-03 20:55:15,162 INFO 20260303_151637.jpg: ІлАЪАЛДњІЈЅ\
2026-03-03 20:55:15,198 INFO 20260303_151637.jpg: saved output_slides\fixed_20260303_151637.jpg
2026-03-03 20:55:15,361 INFO 20260303_151713.jpg: ІлАЪАЛДњІЈЅ\
2026-03-03 20:55:15,376 INFO 20260303_151713.jpg: saved output_slides\fixed_20260303_151713.jpg
2026-03-03 20:55:15,541 INFO 20260303_151732.jpg: ІлАЪАЛДњІЈЅ\
2026-03-03 20:55:15,570 INFO 20260303_151732.jpg: saved output_slides\fixed_20260303_151732.jpg
2026-03-03 20:55:15,689 INFO 20260303_151859.jpg: ІлАЪАЛДњІЈЅ\
2026-03-03 20:55:15,719 INFO 20260303_151859.jpg: saved output_slides\fixed_20260303_151859.jpg
2026-03-03 20:55:15,915 INFO 20260303_151944.jpg: ІлАЪАЛДњІЈЅ\
2026-03-03 20:55:15,956 INFO 20260303_151944.jpg: saved output_slides\fixed_20260303_151944.jpg
2026-03-03 20:55:16,085 INFO 20260303_152011.jpg: ІлАЪАЛДњІЈЅ\
2026-03-03 20:55:16,102 INFO 20260303_152011.jpg: saved output_slides\fixed_20260303_152011.jpg
2026-03-03 20:55:16,290 INFO 20260303_152022.jpg: ІлАЪАЛДњІЈЅ\
2026-03-03 20:55:16,305 INFO 20260303_152022.jpg: saved output_slides\fixed_20260303_152022.jpg
2026-03-03 20:55:16,498 INFO 20260303_152050.jpg: АЛДњЅЂБбЁAЖiЄJЄтАЪНеОу
2026-03-03 20:55:18,595 INFO 20260303_152050.jpg: saved output_slides\fixed_20260303_152050.jpg
2026-03-03 20:55:18,799 INFO 20260303_152107.jpg: ІлАЪАЛДњІЈЅ\
2026-03-03 20:55:18,815 INFO 20260303_152107.jpg: saved output_slides\fixed_20260303_152107.jpg
2026-03-03 20:55:19,015 INFO 20260303_152129.jpg: ІлАЪАЛДњІЈЅ\
2026-03-03 20:55:19,032 INFO 20260303_152129.jpg: saved output_slides\fixed_20260303_152129.jpg
2026-03-03 20:55:19,230 INFO 20260303_152150.jpg: ІлАЪАЛДњІЈЅ\
2026-03-03 20:55:19,245 INFO 20260303_152150.jpg: saved output_slides\fixed_20260303_152150.jpg
2026-03-03 20:55:19,440 INFO 20260303_152216.jpg: ІлАЪАЛДњІЈЅ\
2026-03-03 20:55:19,455 INFO 20260303_152216.jpg: saved output_slides\fixed_20260303_152216.jpg
2026-03-03 20:55:19,656 INFO 20260303_152228.jpg: ІлАЪАЛДњІЈЅ\
2026-03-03 20:55:19,683 INFO 20260303_152228.jpg: saved output_slides\fixed_20260303_152228.jpg
2026-03-03 20:55:19,864 INFO 20260303_153426.jpg: ІлАЪАЛДњІЈЅ\
2026-03-03 20:55:19,876 INFO 20260303_153426.jpg: saved output_slides\fixed_20260303_153426.jpg
2026-03-03 20:55:20,002 INFO 20260303_155931.jpg: АЛДњЅЂБбЁAЖiЄJЄтАЪНеОу
2026-03-03 20:55:29,544 INFO 20260303_155931.jpg: saved output_slides\fixed_20260303_155931.jpg
2026-03-03 20:55:29,743 INFO 20260303_160611.jpg: ІлАЪАЛДњІЈЅ\
2026-03-03 20:55:29,758 INFO 20260303_160611.jpg: saved output_slides\fixed_20260303_160611.jpg
2026-03-03 20:55:29,962 INFO 20260303_160714.jpg: ІлАЪАЛДњІЈЅ\
2026-03-03 20:55:30,002 INFO 20260303_160714.jpg: saved output_slides\fixed_20260303_160714.jpg
2026-03-03 20:55:30,203 INFO 20260303_160837.jpg: ІлАЪАЛДњІЈЅ\
2026-03-03 20:55:30,224 INFO 20260303_160837.jpg: saved output_slides\fixed_20260303_160837.jpg
2026-03-03 20:55:30,530 INFO 20260303_161433.jpg: ІлАЪАЛДњІЈЅ\
2026-03-03 20:55:30,569 INFO 20260303_161433.jpg: saved output_slides\fixed_20260303_161433.jpg
2026-03-03 20:55:30,875 INFO 20260303_161645.jpg: ІлАЪАЛДњІЈЅ\
2026-03-03 20:55:30,932 INFO 20260303_161645.jpg: saved output_slides\fixed_20260303_161645.jpg
2026-03-03 20:55:31,235 INFO 20260303_161743.jpg: ІлАЪАЛДњІЈЅ\
2026-03-03 20:55:31,276 INFO 20260303_161743.jpg: saved output_slides\fixed_20260303_161743.jpg
2026-03-03 20:55:31,585 INFO 20260303_161812.jpg: ІлАЪАЛДњІЈЅ\
2026-03-03 20:55:31,600 INFO 20260303_161812.jpg: saved output_slides\fixed_20260303_161812.jpg
2026-03-03 20:55:31,909 INFO 20260303_161923.jpg: ІлАЪАЛДњІЈЅ\
2026-03-03 20:55:31,950 INFO 20260303_161923.jpg: saved output_slides\fixed_20260303_161923.jpg
2026-03-03 20:55:32,129 INFO 20260303_162507.jpg: ІлАЪАЛДњІЈЅ\
2026-03-03 20:55:32,146 INFO 20260303_162507.jpg: saved output_slides\fixed_20260303_162507.jpg
2026-03-03 20:55:32,444 INFO 20260303_162935.jpg: АЛДњЅЂБбЁAЖiЄJЄтАЪНеОу
2026-03-03 22:24:15,112 INFO 20260303_084707.jpg saved output_slides\fixed_20260303_084707.jpg
2026-03-03 22:24:15,127 INFO 20260303_084722.jpg saved output_slides\fixed_20260303_084722.jpg
2026-03-03 22:24:15,154 INFO 20260303_084921.jpg saved output_slides\fixed_20260303_084921.jpg
2026-03-03 22:24:15,197 INFO 20260303_091347.jpg saved output_slides\fixed_20260303_091347.jpg
2026-03-03 22:24:15,251 INFO 20260303_091358.jpg saved output_slides\fixed_20260303_091358.jpg
2026-03-03 22:24:15,275 INFO 20260303_091435.jpg saved output_slides\fixed_20260303_091435.jpg
2026-03-03 22:24:15,298 INFO 20260303_093516.jpg saved output_slides\fixed_20260303_093516.jpg
2026-03-03 22:24:15,349 INFO 20260303_110053.jpg saved output_slides\fixed_20260303_110053.jpg
2026-03-03 22:24:15,371 INFO 20260303_114723.jpg saved output_slides\fixed_20260303_114723.jpg
2026-03-03 22:24:15,415 INFO 20260303_115129.jpg saved output_slides\fixed_20260303_115129.jpg
2026-03-03 22:24:15,428 INFO 20260303_115138.jpg saved output_slides\fixed_20260303_115138.jpg
2026-03-03 22:24:15,451 INFO 20260303_115708.jpg saved output_slides\fixed_20260303_115708.jpg
2026-03-03 22:24:15,466 INFO 20260303_121040.jpg saved output_slides\fixed_20260303_121040.jpg
2026-03-03 22:24:15,523 INFO 20260303_121459.jpg saved output_slides\fixed_20260303_121459.jpg
2026-03-03 22:24:15,563 INFO 20260303_122143.jpg saved output_slides\fixed_20260303_122143.jpg
2026-03-03 22:24:15,605 INFO 20260303_122541.jpg saved output_slides\fixed_20260303_122541.jpg
2026-03-03 22:24:15,647 INFO 20260303_122932.jpg saved output_slides\fixed_20260303_122932.jpg
2026-03-03 22:24:15,804 INFO 20260303_133316.jpg saved output_slides\fixed_20260303_133316.jpg
2026-03-03 22:24:15,816 INFO 20260303_133343.jpg saved output_slides\fixed_20260303_133343.jpg
2026-03-03 22:24:15,840 INFO 20260303_133452.jpg saved output_slides\fixed_20260303_133452.jpg
2026-03-03 22:24:15,888 INFO 20260303_133559.jpg saved output_slides\fixed_20260303_133559.jpg
2026-03-03 22:24:15,935 INFO 20260303_133720.jpg saved output_slides\fixed_20260303_133720.jpg
2026-03-03 22:24:15,986 INFO 20260303_133806.jpg saved output_slides\fixed_20260303_133806.jpg
2026-03-03 22:24:16,011 INFO 20260303_133849.jpg saved output_slides\fixed_20260303_133849.jpg
2026-03-03 22:24:16,062 INFO 20260303_133854.jpg saved output_slides\fixed_20260303_133854.jpg
2026-03-03 22:24:16,127 INFO 20260303_133918.jpg saved output_slides\fixed_20260303_133918.jpg
2026-03-03 22:24:16,174 INFO 20260303_134054.jpg saved output_slides\fixed_20260303_134054.jpg
2026-03-03 22:24:16,287 INFO 20260303_134143.jpg saved output_slides\fixed_20260303_134143.jpg
2026-03-03 22:24:16,330 INFO 20260303_134209.jpg saved output_slides\fixed_20260303_134209.jpg
2026-03-03 22:24:16,353 INFO 20260303_134243.jpg saved output_slides\fixed_20260303_134243.jpg
2026-03-03 22:24:16,371 INFO 20260303_134457.jpg saved output_slides\fixed_20260303_134457.jpg
2026-03-03 22:24:16,406 INFO 20260303_134504.jpg saved output_slides\fixed_20260303_134504.jpg
2026-03-03 22:24:16,451 INFO 20260303_134522.jpg saved output_slides\fixed_20260303_134522.jpg
2026-03-03 22:24:16,477 INFO 20260303_134540.jpg saved output_slides\fixed_20260303_134540.jpg
2026-03-03 22:24:16,501 INFO 20260303_134717.jpg saved output_slides\fixed_20260303_134717.jpg
2026-03-03 22:24:16,526 INFO 20260303_134904.jpg saved output_slides\fixed_20260303_134904.jpg
2026-03-03 22:24:16,552 INFO 20260303_135653.jpg saved output_slides\fixed_20260303_135653.jpg
2026-03-03 22:24:16,570 INFO 20260303_140805.jpg saved output_slides\fixed_20260303_140805.jpg
2026-03-03 22:24:16,595 INFO 20260303_141028.jpg saved output_slides\fixed_20260303_141028.jpg
2026-03-03 22:24:16,620 INFO 20260303_141304.jpg saved output_slides\fixed_20260303_141304.jpg
2026-03-03 22:24:16,641 INFO 20260303_141350.jpg saved output_slides\fixed_20260303_141350.jpg
2026-03-03 22:24:16,696 INFO 20260303_141930.jpg saved output_slides\fixed_20260303_141930.jpg
2026-03-03 22:24:16,736 INFO 20260303_142026.jpg saved output_slides\fixed_20260303_142026.jpg
2026-03-03 22:24:16,752 INFO 20260303_142116.jpg saved output_slides\fixed_20260303_142116.jpg
2026-03-03 22:24:16,796 INFO 20260303_142309.jpg saved output_slides\fixed_20260303_142309.jpg
2026-03-03 22:24:16,843 INFO 20260303_142525.jpg saved output_slides\fixed_20260303_142525.jpg
2026-03-03 22:24:16,891 INFO 20260303_142613.jpg saved output_slides\fixed_20260303_142613.jpg
2026-03-03 22:24:16,935 INFO 20260303_142629.jpg saved output_slides\fixed_20260303_142629.jpg
2026-03-03 22:24:16,969 INFO 20260303_142844.jpg saved output_slides\fixed_20260303_142844.jpg
2026-03-03 22:24:16,984 INFO 20260303_143055.jpg saved output_slides\fixed_20260303_143055.jpg
2026-03-03 22:24:17,027 INFO 20260303_143249.jpg saved output_slides\fixed_20260303_143249.jpg
2026-03-03 22:24:17,065 INFO 20260303_143315.jpg saved output_slides\fixed_20260303_143315.jpg
2026-03-03 22:24:17,105 INFO 20260303_143831.jpg saved output_slides\fixed_20260303_143831.jpg
2026-03-03 22:24:17,155 INFO 20260303_144036.jpg saved output_slides\fixed_20260303_144036.jpg
2026-03-03 22:24:17,197 INFO 20260303_144358.jpg saved output_slides\fixed_20260303_144358.jpg
2026-03-03 22:24:17,238 INFO 20260303_144618.jpg saved output_slides\fixed_20260303_144618.jpg
2026-03-03 22:24:17,287 INFO 20260303_145839.jpg saved output_slides\fixed_20260303_145839.jpg
2026-03-03 22:24:17,333 INFO 20260303_151238.jpg saved output_slides\fixed_20260303_151238.jpg
2026-03-03 22:24:17,348 INFO 20260303_151403.jpg saved output_slides\fixed_20260303_151403.jpg
2026-03-03 22:24:17,361 INFO 20260303_151511.jpg saved output_slides\fixed_20260303_151511.jpg
2026-03-03 22:24:17,395 INFO 20260303_151607.jpg saved output_slides\fixed_20260303_151607.jpg
2026-03-03 22:24:17,436 INFO 20260303_151637.jpg saved output_slides\fixed_20260303_151637.jpg
2026-03-03 22:24:17,450 INFO 20260303_151713.jpg saved output_slides\fixed_20260303_151713.jpg
2026-03-03 22:24:17,481 INFO 20260303_151732.jpg saved output_slides\fixed_20260303_151732.jpg
2026-03-03 22:24:17,513 INFO 20260303_151859.jpg saved output_slides\fixed_20260303_151859.jpg
2026-03-03 22:24:17,555 INFO 20260303_151944.jpg saved output_slides\fixed_20260303_151944.jpg
2026-03-03 22:24:17,571 INFO 20260303_152011.jpg saved output_slides\fixed_20260303_152011.jpg
2026-03-03 22:24:17,586 INFO 20260303_152022.jpg saved output_slides\fixed_20260303_152022.jpg
2026-03-03 22:24:17,696 INFO 20260303_152050.jpg saved output_slides\fixed_20260303_152050.jpg
2026-03-03 22:24:17,712 INFO 20260303_152107.jpg saved output_slides\fixed_20260303_152107.jpg
2026-03-03 22:24:17,729 INFO 20260303_152129.jpg saved output_slides\fixed_20260303_152129.jpg
2026-03-03 22:24:17,745 INFO 20260303_152150.jpg saved output_slides\fixed_20260303_152150.jpg
2026-03-03 22:24:17,761 INFO 20260303_152216.jpg saved output_slides\fixed_20260303_152216.jpg
2026-03-03 22:24:17,786 INFO 20260303_152228.jpg saved output_slides\fixed_20260303_152228.jpg
2026-03-03 22:24:17,798 INFO 20260303_153426.jpg saved output_slides\fixed_20260303_153426.jpg
2026-03-03 22:24:17,862 INFO 20260303_155931.jpg saved output_slides\fixed_20260303_155931.jpg
2026-03-03 22:24:17,876 INFO 20260303_160611.jpg saved output_slides\fixed_20260303_160611.jpg
2026-03-03 22:24:17,917 INFO 20260303_160714.jpg saved output_slides\fixed_20260303_160714.jpg
2026-03-03 22:24:17,937 INFO 20260303_160837.jpg saved output_slides\fixed_20260303_160837.jpg
2026-03-03 22:24:17,976 INFO 20260303_161433.jpg saved output_slides\fixed_20260303_161433.jpg
2026-03-03 22:24:18,012 INFO 20260303_161645.jpg saved output_slides\fixed_20260303_161645.jpg
2026-03-03 22:24:18,050 INFO 20260303_161743.jpg saved output_slides\fixed_20260303_161743.jpg
2026-03-03 22:24:18,067 INFO 20260303_161812.jpg saved output_slides\fixed_20260303_161812.jpg
2026-03-03 22:24:18,235 INFO 20260303_161923.jpg saved output_slides\fixed_20260303_161923.jpg
2026-03-03 22:24:18,252 INFO 20260303_162507.jpg saved output_slides\fixed_20260303_162507.jpg
2026-03-03 22:24:18,366 INFO 20260303_162935.jpg saved output_slides\fixed_20260303_162935.jpg
2026-03-03 22:24:18,384 INFO 20260303_163623.jpg saved output_slides\fixed_20260303_163623.jpg
2026-03-03 22:24:18,406 INFO 20260303_163836.jpg saved output_slides\fixed_20260303_163836.jpg
2026-03-03 22:24:18,423 INFO 20260303_163842.jpg saved output_slides\fixed_20260303_163842.jpg
2026-03-03 22:24:18,449 INFO 20260303_163857.jpg saved output_slides\fixed_20260303_163857.jpg
2026-03-03 22:24:18,471 INFO 20260303_164359.jpg saved output_slides\fixed_20260303_164359.jpg
2026-03-03 22:24:18,503 INFO 20260303_164826.jpg saved output_slides\fixed_20260303_164826.jpg
2026-03-03 22:24:18,538 INFO 20260303_164953.jpg saved output_slides\fixed_20260303_164953.jpg
2026-03-03 22:24:18,553 INFO 20260303_165013.jpg saved output_slides\fixed_20260303_165013.jpg
2026-03-03 22:24:18,671 INFO 20260303_165135.jpg saved output_slides\fixed_20260303_165135.jpg
2026-03-03 22:24:18,686 INFO 20260303_170205.jpg saved output_slides\fixed_20260303_170205.jpg
2026-03-03 22:24:18,831 INFO 20260303_170550.jpg saved output_slides\fixed_20260303_170550.jpg
2026-03-03 22:24:18,872 INFO 20260303_171525.jpg saved output_slides\fixed_20260303_171525.jpg
2026-03-03 22:24:18,900 INFO 20260303_172114.jpg saved output_slides\fixed_20260303_172114.jpg
2026-03-03 22:24:18,941 INFO 20260303_172157.jpg saved output_slides\fixed_20260303_172157.jpg
2026-03-03 22:24:18,979 INFO 20260303_172245.jpg saved output_slides\fixed_20260303_172245.jpg
2026-03-03 22:24:19,017 INFO 20260303_172411.jpg saved output_slides\fixed_20260303_172411.jpg
2026-03-03 22:24:19,057 INFO 20260303_172458.jpg saved output_slides\fixed_20260303_172458.jpg
2026-03-03 22:24:19,098 INFO 20260303_172516.jpg saved output_slides\fixed_20260303_172516.jpg
2026-03-03 22:24:19,137 INFO 20260303_172558.jpg saved output_slides\fixed_20260303_172558.jpg
2026-03-03 22:24:19,179 INFO 20260303_172618.jpg saved output_slides\fixed_20260303_172618.jpg
2026-03-03 22:24:19,225 INFO 20260303_172627.jpg saved output_slides\fixed_20260303_172627.jpg
2026-03-03 22:24:19,267 INFO 20260303_172657.jpg saved output_slides\fixed_20260303_172657.jpg
2026-03-03 22:24:19,308 INFO 20260303_172725.jpg saved output_slides\fixed_20260303_172725.jpg
2026-03-03 22:24:19,356 INFO 20260303_172747.jpg saved output_slides\fixed_20260303_172747.jpg
2026-03-03 22:24:19,396 INFO 20260303_172750.jpg saved output_slides\fixed_20260303_172750.jpg
2026-03-03 22:24:19,435 INFO 20260303_172759.jpg saved output_slides\fixed_20260303_172759.jpg
2026-03-03 22:24:19,476 INFO 20260303_172844.jpg saved output_slides\fixed_20260303_172844.jpg
2026-03-03 22:24:19,514 INFO 20260303_172912.jpg saved output_slides\fixed_20260303_172912.jpg
2026-03-03 22:24:19,626 INFO 20260303_172928.jpg saved output_slides\fixed_20260303_172928.jpg
2026-03-03 22:24:19,646 INFO 20260303_172938.jpg saved output_slides\fixed_20260303_172938.jpg
2026-03-03 22:24:19,687 INFO 20260303_172946.jpg saved output_slides\fixed_20260303_172946.jpg
2026-03-03 22:24:19,716 INFO 20260303_173009.jpg saved output_slides\fixed_20260303_173009.jpg
2026-03-03 22:24:19,757 INFO 20260303_173147.jpg saved output_slides\fixed_20260303_173147.jpg
2026-03-03 22:24:19,799 INFO 20260303_173201.jpg saved output_slides\fixed_20260303_173201.jpg
2026-03-03 22:24:19,840 INFO 20260303_174549.jpg saved output_slides\fixed_20260303_174549.jpg
2026-03-03 22:24:19,957 INFO 20260303_175003.jpg saved output_slides\fixed_20260303_175003.jpg
2026-03-03 22:24:19,982 INFO 20260303_175042.jpg saved output_slides\fixed_20260303_175042.jpg
2026-03-03 22:24:20,009 INFO 20260303_175049.jpg saved output_slides\fixed_20260303_175049.jpg
2026-03-03 22:24:20,047 INFO 20260303_175135.jpg saved output_slides\fixed_20260303_175135.jpg
2026-03-03 22:24:20,089 INFO 20260303_175144.jpg saved output_slides\fixed_20260303_175144.jpg
2026-03-03 22:24:20,134 INFO 20260303_175459.jpg saved output_slides\fixed_20260303_175459.jpg
2026-03-03 22:24:20,149 INFO 20260303_180110.jpg saved output_slides\fixed_20260303_180110.jpg
2026-03-03 22:24:20,164 INFO 20260303_180126.jpg saved output_slides\fixed_20260303_180126.jpg
2026-03-03 22:54:38,301 INFO 20260303_084707.jpg saved output_slides\fixed_20260303_084707.jpg
2026-03-03 22:54:38,317 INFO 20260303_084722.jpg saved output_slides\fixed_20260303_084722.jpg
2026-03-03 22:54:38,343 INFO 20260303_084921.jpg saved output_slides\fixed_20260303_084921.jpg
2026-03-03 22:54:38,375 INFO 20260303_091347.jpg saved output_slides\fixed_20260303_091347.jpg
2026-03-03 22:54:38,398 INFO 20260303_091358.jpg saved output_slides\fixed_20260303_091358.jpg
2026-03-03 22:54:38,423 INFO 20260303_091435.jpg saved output_slides\fixed_20260303_091435.jpg
2026-03-03 22:54:38,438 INFO 20260303_093516.jpg saved output_slides\fixed_20260303_093516.jpg
2026-03-03 22:54:38,490 INFO 20260303_110053.jpg saved output_slides\fixed_20260303_110053.jpg
2026-03-03 22:54:38,513 INFO 20260303_114723.jpg saved output_slides\fixed_20260303_114723.jpg
2026-03-03 22:54:38,539 INFO 20260303_115129.jpg saved output_slides\fixed_20260303_115129.jpg
2026-03-03 22:54:38,558 INFO 20260303_115138.jpg saved output_slides\fixed_20260303_115138.jpg
2026-03-03 22:54:38,587 INFO 20260303_115708.jpg saved output_slides\fixed_20260303_115708.jpg
